<?xml version="1.0" encoding="UTF-8"?>
<!-- Generated by org.testng.reporters.JUnitReportReporter -->
<testsuite hostname="Pugazh" failures="0" tests="1" name="tests.RunMergeLeadPage" time="18.845" errors="0" timestamp="2023-07-20T17:58:01 BST" skipped="0">
  <testcase classname="tests.RunMergeLeadPage" name="runMergeLead" time="18.845"/>
  <system-out/>
</testsuite> <!-- tests.RunMergeLeadPage -->
