<?xml version="1.0" encoding="UTF-8"?>
<!-- Generated by org.testng.reporters.JUnitReportReporter -->
<testsuite hostname="Pugazh" failures="0" tests="2" name="tests.RunCreateLeadPage" time="28.338" errors="0" timestamp="2023-07-20T17:43:06 BST" skipped="0">
  <testcase classname="tests.RunCreateLeadPage" name="runVerifyLogin" time="12.731"/>
  <system-out/>
  <testcase classname="tests.RunCreateLeadPage" name="runVerifyLogin" time="15.607"/>
  <system-out/>
</testsuite> <!-- tests.RunCreateLeadPage -->
