<?xml version="1.0" encoding="UTF-8"?>
<!-- Generated by org.testng.reporters.JUnitReportReporter -->
<testsuite hostname="Pugazh" failures="0" tests="1" name="tests.RunDeleteLead" time="33.861" errors="0" timestamp="2023-06-20T19:43:21 BST" skipped="0">
  <testcase classname="tests.RunDeleteLead" name="runDeleteLead" time="33.861"/>
  <system-out/>
</testsuite> <!-- tests.RunDeleteLead -->
