<?xml version="1.0" encoding="UTF-8"?>
<!-- Generated by org.testng.reporters.JUnitReportReporter -->
<testsuite hostname="Pugazh" failures="0" tests="1" name="tests.RunMergeLeadPage" time="25.431" errors="0" timestamp="2023-06-20T10:19:29 BST" skipped="0">
  <testcase classname="tests.RunMergeLeadPage" name="runMergeLead" time="25.431"/>
  <system-out/>
</testsuite> <!-- tests.RunMergeLeadPage -->
