<?xml version="1.0" encoding="UTF-8"?>
<!-- Generated by org.testng.reporters.JUnitReportReporter -->
<testsuite hostname="Pugazh" failures="0" tests="1" name="tests.ViewLeadsPage" time="17.879" errors="0" timestamp="2023-06-17T13:02:09 BST" skipped="0">
  <testcase classname="tests.ViewLeadsPage" name="runVerifyLogin" time="17.879"/>
  <system-out/>
</testsuite> <!-- tests.ViewLeadsPage -->
