<?xml version="1.0" encoding="UTF-8"?>
<!-- Generated by org.testng.reporters.JUnitReportReporter -->
<testsuite hostname="Pugazh" failures="0" tests="1" name="tests.RunDuplicateLeadPage" time="13.067" errors="0" timestamp="2023-07-20T17:43:06 BST" skipped="0">
  <testcase classname="tests.RunDuplicateLeadPage" name="runDuplicateLogin" time="13.067"/>
  <system-out/>
</testsuite> <!-- tests.RunDuplicateLeadPage -->
