<?xml version="1.0" encoding="UTF-8"?>
<!-- Generated by org.testng.reporters.JUnitReportReporter -->
<testsuite hostname="Pugazh" failures="0" tests="2" name="tests.RunVerifyLogin" time="15.609" errors="0" timestamp="2023-07-20T17:43:06 BST" skipped="0">
  <testcase classname="tests.RunVerifyLogin" name="runLogin" time="7.617"/>
  <system-out/>
  <testcase classname="tests.RunVerifyLogin" name="runLogin" time="7.992"/>
  <system-out/>
</testsuite> <!-- tests.RunVerifyLogin -->
