<?xml version="1.0" encoding="UTF-8"?>
<!-- Generated by org.testng.reporters.JUnitReportReporter -->
<testsuite hostname="Pugazh" failures="0" tests="1" name="tests.VerifyLogin" time="11.992" errors="0" timestamp="2023-06-17T12:57:15 BST" skipped="0">
  <testcase classname="tests.VerifyLogin" name="runVerifyLogin" time="11.992"/>
  <system-out/>
</testsuite> <!-- tests.VerifyLogin -->
