<?xml version="1.0" encoding="UTF-8"?>
<!-- Generated by org.testng.reporters.JUnitReportReporter -->
<testsuite hostname="Pugazh" failures="0" tests="1" name="tests.RunCreateLead" time="16.685" errors="0" timestamp="2023-06-18T11:49:51 BST" skipped="0">
  <testcase classname="tests.RunCreateLead" name="runVerifyLogin" time="16.685"/>
  <system-out/>
</testsuite> <!-- tests.RunCreateLead -->
